<?xml version="1.0" encoding="UTF-8"?>
<!-- Generated by org.testng.reporters.JUnitXMLReporter -->
<testsuite hostname="BaPs-PC" tests="1" failures="1" timestamp="2 Jul 2015 12:35:31 GMT" time="51.38" errors="0">
  <testcase name="launchapp" time="50.276" classname="TestNGClass">
    <failure type="java.lang.ClassCastException" message="org.openqa.selenium.remote.RemoteWebElement cannot be cast to org.openqa.selenium.By">
      <![CDATA[java.lang.ClassCastException: org.openqa.selenium.remote.RemoteWebElement cannot be cast to org.openqa.selenium.By
	at com.babu.zadoqa.commands.Navigate.waitUntilElementPresent(Navigate.java:33)
	at com.babu.zadoqa.util.CommandUtils.executeAction(CommandUtils.java:148)
	at com.babu.zadoqa.datadriver.TestCaseRunner.executeTestCase(TestCaseRunner.java:39)
	at TestNGClass.launchapp(TestNGClass.java:75)
	at ProgramTestNG.testRunner(ProgramTestNG.java:40)
	at ProgramTestNG.main(ProgramTestNG.java:49)
... Removed 21 stack frames]]>
    </failure>
  </testcase> <!-- launchapp -->
</testsuite>
