<?xml version="1.0" encoding="UTF-8"?>
<!-- Generated by org.testng.reporters.JUnitXMLReporter -->
<testsuite hostname="BaPs-PC" tests="2" failures="1" timestamp="1 Jul 2015 12:25:52 GMT" time="14.824" errors="0">
  <testcase name="launchapp" time="5.83" classname="TestNGClass">
    <failure type="java.lang.NullPointerException">
      <![CDATA[java.lang.NullPointerException
	at com.babu.zadoqa.commands.ElementActions.getAttribute(ElementActions.java:12)
	at com.babu.zadoqa.util.CommandUtils.executeAction(CommandUtils.java:136)
	at com.babu.zadoqa.datadriver.TestCaseRunner.exectuteTestCase(TestCaseRunner.java:42)
	at TestNGClass.launchapp(TestNGClass.java:76)
	at ProgramTestNG.testRunner(ProgramTestNG.java:40)
	at ProgramTestNG.main(ProgramTestNG.java:49)
... Removed 21 stack frames]]>
    </failure>
  </testcase> <!-- launchapp -->
  <testcase name="launchapp" time="8.323" classname="TestNGClass"/>
</testsuite>
